<?xml version="1.0" encoding="UTF-8"?>
<!-- Generated by org.testng.reporters.JUnitReportReporter -->
<testsuite skipped="0" hostname="LAPTOP-C9EE114L" name="com.selenium.screenShot.TestLoginScreenShot" tests="1" failures="0" timestamp="08 八月 2018 14:56:50 GMT" time="6.521" errors="0">
  <testcase name="test" time="6.521" classname="com.selenium.screenShot.TestLoginScreenShot"/>
</testsuite> <!-- com.selenium.screenShot.TestLoginScreenShot -->
