<?xml version="1.0" encoding="UTF-8"?>
<!-- Generated by org.testng.reporters.JUnitReportReporter -->
<testsuite skipped="0" hostname="LAPTOP-C9EE114L" name="com.selenium.testng.FirstTestng" tests="1" failures="0" timestamp="08 八月 2018 12:40:56 GMT" time="0.004" errors="0">
  <testcase name="test1" time="0.004" classname="com.selenium.testng.FirstTestng"/>
</testsuite> <!-- com.selenium.testng.FirstTestng -->
